0 info it worked if it ends with ok
1 verbose cli [ '/usr/bin/node', '/usr/bin/npm', 'init' ]
2 info using npm@1.4.9
3 info using node@v0.10.28
4 verbose node symlink /usr/bin/node
5 silly package data undefined
6 info init written successfully
7 error Error: canceled
7 error     at Interface.<anonymous> (/usr/lib/node_modules/npm/node_modules/read/lib/read.js:66:13)
7 error     at Interface.EventEmitter.emit (events.js:92:17)
7 error     at Interface._ttyWrite (readline.js:620:16)
7 error     at ReadStream.onkeypress (readline.js:99:10)
7 error     at ReadStream.EventEmitter.emit (events.js:98:17)
7 error     at emitKey (readline.js:1095:12)
7 error     at ReadStream.onData (readline.js:840:14)
7 error     at ReadStream.EventEmitter.emit (events.js:95:17)
7 error     at ReadStream.<anonymous> (_stream_readable.js:745:14)
7 error     at ReadStream.EventEmitter.emit (events.js:92:17)
8 error If you need help, you may report this *entire* log,
8 error including the npm and node versions, at:
8 error     <http://github.com/npm/npm/issues>
9 error System Linux 3.11.0-20-generic
10 error command "/usr/bin/node" "/usr/bin/npm" "init"
11 error cwd /home/sureshballa/workspace/scheduler-service
12 error node -v v0.10.28
13 error npm -v 1.4.9
14 verbose exit [ 1, true ]
